<html>
<head>
<title>TestNG:  Default test</title>
<link href="../testng.css" rel="stylesheet" type="text/css" />
<link href="../my-testng.css" rel="stylesheet" type="text/css" />

<style type="text/css">
.log { display: none;} 
.stack-trace { display: none;} 
</style>
<script type="text/javascript">
<!--
function flip(e) {
  current = e.style.display;
  if (current == 'block') {
    e.style.display = 'none';
    return 0;
  }
  else {
    e.style.display = 'block';
    return 1;
  }
}

function toggleBox(szDivId, elem, msg1, msg2)
{
  var res = -1;  if (document.getElementById) {
    res = flip(document.getElementById(szDivId));
  }
  else if (document.all) {
    // this is the way old msie versions work
    res = flip(document.all[szDivId]);
  }
  if(elem) {
    if(res == 0) elem.innerHTML = msg1; else elem.innerHTML = msg2;
  }

}

function toggleAllBoxes() {
  if (document.getElementsByTagName) {
    d = document.getElementsByTagName('div');
    for (i = 0; i < d.length; i++) {
      if (d[i].className == 'log') {
        flip(d[i]);
      }
    }
  }
}

// -->
</script>

</head>
<body>
<h2 align='center'>Default test</h2><table border='1' align="center">
<tr>
<td>Tests passed/Failed/Skipped:</td><td>28/2/0</td>
</tr><tr>
<td>Started on:</td><td>Sun Dec 22 18:35:23 EST 2024</td>
</tr>
<tr><td>Total time:</td><td>156 seconds (156302 ms)</td>
</tr><tr>
<td>Included groups:</td><td></td>
</tr><tr>
<td>Excluded groups:</td><td></td>
</tr>
</table><p/>
<small><i>(Hover the method name to see the test class name)</i></small><p/>
<table width='100%' border='1' class='invocation-failed'>
<tr><td colspan='4' align='center'><b>FAILED TESTS</b></td></tr>
<tr><td><b>Test method</b></td>
<td><b>Attribute(s)</b></td>
<td width="30%"><b>Exception</b></td>
<td width="10%"><b>Time (seconds)</b></td>
<td><b>Instance</b></td>
</tr>
<tr>
<td title='dsalgo_testrunner.TestRunner.runScenario()'><b>runScenario</b><br>Test class: dsalgo_testrunner.TestRunner<br>Test method: Runs Cucumber Scenarios<br>Parameters: "Verify that user is able to navigate to "Creating Linked List" page", "Testing linked list Page functionality in dsportalapp.herokuapp."</td>
<td><div><pre>java.lang.AssertionError: expected [Creating Linked List] but found [Creating Linked LIst]
	at org.testng.Assert.fail(Assert.java:111)
	at org.testng.Assert.failNotEquals(Assert.java:1578)
	at org.testng.Assert.assertEqualsImpl(Assert.java:150)
	at org.testng.Assert.assertEquals(Assert.java:132)
	at org.testng.Assert.assertEquals(Assert.java:656)
	at org.testng.Assert.assertEquals(Assert.java:666)
	at dsalgo_stepdefinitions.Linkedlist_sd.the_user_should_be_redirected_to_the_of_linked_list_page(Linkedlist_sd.java:61)
	at ?.The user should be redirected to the &quot;Creating Linked List&quot; of linked list Page(file:///C:/Users/araja/eclipse-workspace/Numpy_Dsalgo/src/test/resources/dsalgo_features/Linkedlist.feature:61)
</pre></div><a href='#' onClick='toggleBox("stack-trace754910159", this, "Click to show all stack frames", "Click to hide stack frames")'>Click to show all stack frames</a>
<div class='stack-trace' id='stack-trace754910159'><pre>java.lang.AssertionError: expected [Creating Linked List] but found [Creating Linked LIst]
	at org.testng.Assert.fail(Assert.java:111)
	at org.testng.Assert.failNotEquals(Assert.java:1578)
	at org.testng.Assert.assertEqualsImpl(Assert.java:150)
	at org.testng.Assert.assertEquals(Assert.java:132)
	at org.testng.Assert.assertEquals(Assert.java:656)
	at org.testng.Assert.assertEquals(Assert.java:666)
	at dsalgo_stepdefinitions.Linkedlist_sd.the_user_should_be_redirected_to_the_of_linked_list_page(Linkedlist_sd.java:61)
	at ?.The user should be redirected to the &quot;Creating Linked List&quot; of linked list Page(file:///C:/Users/araja/eclipse-workspace/Numpy_Dsalgo/src/test/resources/dsalgo_features/Linkedlist.feature:61)
</pre></div></td>
<td>3</td>
<td>dsalgo_testrunner.TestRunner@2654635</td></tr>
<tr>
<td title='dsalgo_testrunner.TestRunner.runScenario()'><b>runScenario</b><br>Test class: dsalgo_testrunner.TestRunner<br>Test method: Runs Cucumber Scenarios<br>Parameters: "Verify that user is able to navigate to "Practice Questions" Page for Linked List page", "Testing linked list Page functionality in dsportalapp.herokuapp."</td>
<td><div><pre>java.lang.AssertionError: expected [practice Questions] but found [NumpyNinja]
	at org.testng.Assert.fail(Assert.java:111)
	at org.testng.Assert.failNotEquals(Assert.java:1578)
	at org.testng.Assert.assertEqualsImpl(Assert.java:150)
	at org.testng.Assert.assertEquals(Assert.java:132)
	at org.testng.Assert.assertEquals(Assert.java:656)
	at org.testng.Assert.assertEquals(Assert.java:666)
	at dsalgo_stepdefinitions.Linkedlist_sd.the_user_should_be_redirected_to_practice_questions_of_linked_list_page(Linkedlist_sd.java:299)
	at ?.The user should be redirected to Practice Questions of Linked List Page(file:///C:/Users/araja/eclipse-workspace/Numpy_Dsalgo/src/test/resources/dsalgo_features/Linkedlist.feature:276)
</pre></div><a href='#' onClick='toggleBox("stack-trace1356844799", this, "Click to show all stack frames", "Click to hide stack frames")'>Click to show all stack frames</a>
<div class='stack-trace' id='stack-trace1356844799'><pre>java.lang.AssertionError: expected [practice Questions] but found [NumpyNinja]
	at org.testng.Assert.fail(Assert.java:111)
	at org.testng.Assert.failNotEquals(Assert.java:1578)
	at org.testng.Assert.assertEqualsImpl(Assert.java:150)
	at org.testng.Assert.assertEquals(Assert.java:132)
	at org.testng.Assert.assertEquals(Assert.java:656)
	at org.testng.Assert.assertEquals(Assert.java:666)
	at dsalgo_stepdefinitions.Linkedlist_sd.the_user_should_be_redirected_to_practice_questions_of_linked_list_page(Linkedlist_sd.java:299)
	at ?.The user should be redirected to Practice Questions of Linked List Page(file:///C:/Users/araja/eclipse-workspace/Numpy_Dsalgo/src/test/resources/dsalgo_features/Linkedlist.feature:276)
</pre></div></td>
<td>3</td>
<td>dsalgo_testrunner.TestRunner@2654635</td></tr>
</table><p>
<table width='100%' border='1' class='invocation-passed'>
<tr><td colspan='4' align='center'><b>PASSED TESTS</b></td></tr>
<tr><td><b>Test method</b></td>
<td><b>Attribute(s)</b></td>
<td width="30%"><b>Exception</b></td>
<td width="10%"><b>Time (seconds)</b></td>
<td><b>Instance</b></td>
</tr>
<tr>
<td title='dsalgo_testrunner.TestRunner.runScenario()'><b>runScenario</b><br>Test class: dsalgo_testrunner.TestRunner<br>Test method: Runs Cucumber Scenarios<br>Parameters: "Verify that user is able to see output for invalid python code for Introduction page", "Testing linked list Page functionality in dsportalapp.herokuapp."</td>
<td></td>
<td>6</td>
<td>dsalgo_testrunner.TestRunner@2654635</td></tr>
<tr>
<td title='dsalgo_testrunner.TestRunner.runScenario()'><b>runScenario</b><br>Test class: dsalgo_testrunner.TestRunner<br>Test method: Runs Cucumber Scenarios<br>Parameters: "Verify that user is able to navigate to "Implement Linked List in Python" page", "Testing linked list Page functionality in dsportalapp.herokuapp."</td>
<td></td>
<td>3</td>
<td>dsalgo_testrunner.TestRunner@2654635</td></tr>
<tr>
<td title='dsalgo_testrunner.TestRunner.runScenario()'><b>runScenario</b><br>Test class: dsalgo_testrunner.TestRunner<br>Test method: Runs Cucumber Scenarios<br>Parameters: "Verify that user is able to see output for invalid python code for Introduction page", "Testing linked list Page functionality in dsportalapp.herokuapp."</td>
<td></td>
<td>6</td>
<td>dsalgo_testrunner.TestRunner@2654635</td></tr>
<tr>
<td title='dsalgo_testrunner.TestRunner.runScenario()'><b>runScenario</b><br>Test class: dsalgo_testrunner.TestRunner<br>Test method: Runs Cucumber Scenarios<br>Parameters: "Verify that user is able to see output for valid python code for Introduction page", "Testing linked list Page functionality in dsportalapp.herokuapp."</td>
<td></td>
<td>7</td>
<td>dsalgo_testrunner.TestRunner@2654635</td></tr>
<tr>
<td title='dsalgo_testrunner.TestRunner.runScenario()'><b>runScenario</b><br>Test class: dsalgo_testrunner.TestRunner<br>Test method: Runs Cucumber Scenarios<br>Parameters: "Verify that user is able to see output for invalid python code for Introduction page", "Testing linked list Page functionality in dsportalapp.herokuapp."</td>
<td></td>
<td>6</td>
<td>dsalgo_testrunner.TestRunner@2654635</td></tr>
<tr>
<td title='dsalgo_testrunner.TestRunner.runScenario()'><b>runScenario</b><br>Test class: dsalgo_testrunner.TestRunner<br>Test method: Runs Cucumber Scenarios<br>Parameters: "Verify that user is able to navigate to "Introduction" page", "Testing linked list Page functionality in dsportalapp.herokuapp."</td>
<td></td>
<td>3</td>
<td>dsalgo_testrunner.TestRunner@2654635</td></tr>
<tr>
<td title='dsalgo_testrunner.TestRunner.runScenario()'><b>runScenario</b><br>Test class: dsalgo_testrunner.TestRunner<br>Test method: Runs Cucumber Scenarios<br>Parameters: "Verify that user is able to see output for invalid python code for Introduction page", "Testing linked list Page functionality in dsportalapp.herokuapp."</td>
<td></td>
<td>6</td>
<td>dsalgo_testrunner.TestRunner@2654635</td></tr>
<tr>
<td title='dsalgo_testrunner.TestRunner.runScenario()'><b>runScenario</b><br>Test class: dsalgo_testrunner.TestRunner<br>Test method: Runs Cucumber Scenarios<br>Parameters: "Verify that user is able to see output for valid python code for Introduction page", "Testing linked list Page functionality in dsportalapp.herokuapp."</td>
<td></td>
<td>6</td>
<td>dsalgo_testrunner.TestRunner@2654635</td></tr>
<tr>
<td title='dsalgo_testrunner.TestRunner.runScenario()'><b>runScenario</b><br>Test class: dsalgo_testrunner.TestRunner<br>Test method: Runs Cucumber Scenarios<br>Parameters: "Verify that user is able to see output for valid python code for Introduction page", "Testing linked list Page functionality in dsportalapp.herokuapp."</td>
<td></td>
<td>6</td>
<td>dsalgo_testrunner.TestRunner@2654635</td></tr>
<tr>
<td title='dsalgo_testrunner.TestRunner.runScenario()'><b>runScenario</b><br>Test class: dsalgo_testrunner.TestRunner<br>Test method: Runs Cucumber Scenarios<br>Parameters: "Verify that user is able to navigate to "Types of Linked List" page", "Testing linked list Page functionality in dsportalapp.herokuapp."</td>
<td></td>
<td>3</td>
<td>dsalgo_testrunner.TestRunner@2654635</td></tr>
<tr>
<td title='dsalgo_testrunner.TestRunner.runScenario()'><b>runScenario</b><br>Test class: dsalgo_testrunner.TestRunner<br>Test method: Runs Cucumber Scenarios<br>Parameters: "Verify that user is able to navigate to try editor page in Traversal", "Testing linked list Page functionality in dsportalapp.herokuapp."</td>
<td></td>
<td>4</td>
<td>dsalgo_testrunner.TestRunner@2654635</td></tr>
<tr>
<td title='dsalgo_testrunner.TestRunner.runScenario()'><b>runScenario</b><br>Test class: dsalgo_testrunner.TestRunner<br>Test method: Runs Cucumber Scenarios<br>Parameters: "Verify that user is able to navigate to try editor page in Types of Linked List page", "Testing linked list Page functionality in dsportalapp.herokuapp."</td>
<td></td>
<td>4</td>
<td>dsalgo_testrunner.TestRunner@2654635</td></tr>
<tr>
<td title='dsalgo_testrunner.TestRunner.runScenario()'><b>runScenario</b><br>Test class: dsalgo_testrunner.TestRunner<br>Test method: Runs Cucumber Scenarios<br>Parameters: "Verify that user is able to navigate to try editor page in Deletion", "Testing linked list Page functionality in dsportalapp.herokuapp."</td>
<td></td>
<td>3</td>
<td>dsalgo_testrunner.TestRunner@2654635</td></tr>
<tr>
<td title='dsalgo_testrunner.TestRunner.runScenario()'><b>runScenario</b><br>Test class: dsalgo_testrunner.TestRunner<br>Test method: Runs Cucumber Scenarios<br>Parameters: "Verify that user is able to navigate to try editor page in Insertion", "Testing linked list Page functionality in dsportalapp.herokuapp."</td>
<td></td>
<td>4</td>
<td>dsalgo_testrunner.TestRunner@2654635</td></tr>
<tr>
<td title='dsalgo_testrunner.TestRunner.runScenario()'><b>runScenario</b><br>Test class: dsalgo_testrunner.TestRunner<br>Test method: Runs Cucumber Scenarios<br>Parameters: "Verify that user is able to see output for valid python code for Introduction page", "Testing linked list Page functionality in dsportalapp.herokuapp."</td>
<td></td>
<td>6</td>
<td>dsalgo_testrunner.TestRunner@2654635</td></tr>
<tr>
<td title='dsalgo_testrunner.TestRunner.runScenario()'><b>runScenario</b><br>Test class: dsalgo_testrunner.TestRunner<br>Test method: Runs Cucumber Scenarios<br>Parameters: "Verify that user is able to see output for valid python code for Introduction page", "Testing linked list Page functionality in dsportalapp.herokuapp."</td>
<td></td>
<td>6</td>
<td>dsalgo_testrunner.TestRunner@2654635</td></tr>
<tr>
<td title='dsalgo_testrunner.TestRunner.runScenario()'><b>runScenario</b><br>Test class: dsalgo_testrunner.TestRunner<br>Test method: Runs Cucumber Scenarios<br>Parameters: "Verify that user is able to navigate to try editor page in introduction page", "Testing linked list Page functionality in dsportalapp.herokuapp."</td>
<td></td>
<td>3</td>
<td>dsalgo_testrunner.TestRunner@2654635</td></tr>
<tr>
<td title='dsalgo_testrunner.TestRunner.runScenario()'><b>runScenario</b><br>Test class: dsalgo_testrunner.TestRunner<br>Test method: Runs Cucumber Scenarios<br>Parameters: "Verify that user is able to see output for invalid python code for Introduction page", "Testing linked list Page functionality in dsportalapp.herokuapp."</td>
<td></td>
<td>6</td>
<td>dsalgo_testrunner.TestRunner@2654635</td></tr>
<tr>
<td title='dsalgo_testrunner.TestRunner.runScenario()'><b>runScenario</b><br>Test class: dsalgo_testrunner.TestRunner<br>Test method: Runs Cucumber Scenarios<br>Parameters: "Verify that user is able to see output for invalid python code for Introduction page", "Testing linked list Page functionality in dsportalapp.herokuapp."</td>
<td></td>
<td>6</td>
<td>dsalgo_testrunner.TestRunner@2654635</td></tr>
<tr>
<td title='dsalgo_testrunner.TestRunner.runScenario()'><b>runScenario</b><br>Test class: dsalgo_testrunner.TestRunner<br>Test method: Runs Cucumber Scenarios<br>Parameters: "Verify that user is able to navigate to "Traversal" page", "Testing linked list Page functionality in dsportalapp.herokuapp."</td>
<td></td>
<td>3</td>
<td>dsalgo_testrunner.TestRunner@2654635</td></tr>
<tr>
<td title='dsalgo_testrunner.TestRunner.runScenario()'><b>runScenario</b><br>Test class: dsalgo_testrunner.TestRunner<br>Test method: Runs Cucumber Scenarios<br>Parameters: "The user is able to navigate to a page having an try Editor from "Creating Linked List" page", "Testing linked list Page functionality in dsportalapp.herokuapp."</td>
<td></td>
<td>4</td>
<td>dsalgo_testrunner.TestRunner@2654635</td></tr>
<tr>
<td title='dsalgo_testrunner.TestRunner.runScenario()'><b>runScenario</b><br>Test class: dsalgo_testrunner.TestRunner<br>Test method: Runs Cucumber Scenarios<br>Parameters: "Verify that user is able to navigate to "Deletion" page", "Testing linked list Page functionality in dsportalapp.herokuapp."</td>
<td></td>
<td>3</td>
<td>dsalgo_testrunner.TestRunner@2654635</td></tr>
<tr>
<td title='dsalgo_testrunner.TestRunner.runScenario()'><b>runScenario</b><br>Test class: dsalgo_testrunner.TestRunner<br>Test method: Runs Cucumber Scenarios<br>Parameters: "Verify that user is able to navigate to linked list page", "Testing linked list Page functionality in dsportalapp.herokuapp."</td>
<td></td>
<td>4</td>
<td>dsalgo_testrunner.TestRunner@2654635</td></tr>
<tr>
<td title='dsalgo_testrunner.TestRunner.runScenario()'><b>runScenario</b><br>Test class: dsalgo_testrunner.TestRunner<br>Test method: Runs Cucumber Scenarios<br>Parameters: "Verify that user is able to navigate to try editor page in Implement Linked List in Python", "Testing linked list Page functionality in dsportalapp.herokuapp."</td>
<td></td>
<td>4</td>
<td>dsalgo_testrunner.TestRunner@2654635</td></tr>
<tr>
<td title='dsalgo_testrunner.TestRunner.runScenario()'><b>runScenario</b><br>Test class: dsalgo_testrunner.TestRunner<br>Test method: Runs Cucumber Scenarios<br>Parameters: "Verify that user is able to see output for invalid python code for Introduction page", "Testing linked list Page functionality in dsportalapp.herokuapp."</td>
<td></td>
<td>6</td>
<td>dsalgo_testrunner.TestRunner@2654635</td></tr>
<tr>
<td title='dsalgo_testrunner.TestRunner.runScenario()'><b>runScenario</b><br>Test class: dsalgo_testrunner.TestRunner<br>Test method: Runs Cucumber Scenarios<br>Parameters: "Verify that user is able to navigate to "Insertion" page", "Testing linked list Page functionality in dsportalapp.herokuapp."</td>
<td></td>
<td>3</td>
<td>dsalgo_testrunner.TestRunner@2654635</td></tr>
<tr>
<td title='dsalgo_testrunner.TestRunner.runScenario()'><b>runScenario</b><br>Test class: dsalgo_testrunner.TestRunner<br>Test method: Runs Cucumber Scenarios<br>Parameters: "Verify that user is able to see output for valid python code for Creating Linked List page", "Testing linked list Page functionality in dsportalapp.herokuapp."</td>
<td></td>
<td>6</td>
<td>dsalgo_testrunner.TestRunner@2654635</td></tr>
<tr>
<td title='dsalgo_testrunner.TestRunner.runScenario()'><b>runScenario</b><br>Test class: dsalgo_testrunner.TestRunner<br>Test method: Runs Cucumber Scenarios<br>Parameters: "Verify that user is able to see output for valid python code for Introduction page", "Testing linked list Page functionality in dsportalapp.herokuapp."</td>
<td></td>
<td>6</td>
<td>dsalgo_testrunner.TestRunner@2654635</td></tr>
</table><p>
</body>
</html>