<?xml version="1.0" encoding="UTF-8"?>
<!-- Generated by org.testng.reporters.JUnitReportReporter -->
<testsuite hostname="Bose-Family-PC" failures="2" tests="30" name="dsalgo_testrunner.TestRunner" time="154.443" errors="0" timestamp="2024-12-22T18:37:59 EST" skipped="0">
  <testcase classname="dsalgo_testrunner.TestRunner" name="runScenario" time="6.646"/>
  <testcase classname="dsalgo_testrunner.TestRunner" name="runScenario" time="3.415"/>
  <testcase classname="dsalgo_testrunner.TestRunner" name="runScenario" time="6.807"/>
  <testcase classname="dsalgo_testrunner.TestRunner" name="runScenario" time="7.440"/>
  <testcase classname="dsalgo_testrunner.TestRunner" name="runScenario" time="6.485"/>
  <testcase classname="dsalgo_testrunner.TestRunner" name="runScenario" time="3.312"/>
  <testcase classname="dsalgo_testrunner.TestRunner" name="runScenario" time="6.630"/>
  <testcase classname="dsalgo_testrunner.TestRunner" name="runScenario" time="6.946"/>
  <testcase classname="dsalgo_testrunner.TestRunner" name="runScenario" time="6.823"/>
  <testcase classname="dsalgo_testrunner.TestRunner" name="runScenario" time="3.312"/>
  <testcase classname="dsalgo_testrunner.TestRunner" name="runScenario" time="4.234"/>
  <testcase classname="dsalgo_testrunner.TestRunner" name="runScenario" time="4.414"/>
  <testcase classname="dsalgo_testrunner.TestRunner" name="runScenario" time="3.666"/>
  <testcase classname="dsalgo_testrunner.TestRunner" name="runScenario" time="3.484">
    <failure message="expected [practice Questions] but found [NumpyNinja]" type="java.lang.AssertionError">
      <![CDATA[java.lang.AssertionError: expected [practice Questions] but found [NumpyNinja]
at org.testng.Assert.fail(Assert.java:111)
at org.testng.Assert.failNotEquals(Assert.java:1578)
at org.testng.Assert.assertEqualsImpl(Assert.java:150)
at org.testng.Assert.assertEquals(Assert.java:132)
at org.testng.Assert.assertEquals(Assert.java:656)
at org.testng.Assert.assertEquals(Assert.java:666)
at dsalgo_stepdefinitions.Linkedlist_sd.the_user_should_be_redirected_to_practice_questions_of_linked_list_page(Linkedlist_sd.java:299)
at ✽.The user should be redirected to Practice Questions of Linked List Page(file:///C:/Users/araja/eclipse-workspace/Numpy_Dsalgo/src/test/resources/dsalgo_features/Linkedlist.feature:276)
]]>
    </failure>
  </testcase> <!-- runScenario -->
  <testcase classname="dsalgo_testrunner.TestRunner" name="runScenario" time="4.422"/>
  <testcase classname="dsalgo_testrunner.TestRunner" name="runScenario" time="6.002"/>
  <testcase classname="dsalgo_testrunner.TestRunner" name="runScenario" time="6.730"/>
  <testcase classname="dsalgo_testrunner.TestRunner" name="runScenario" time="3.672"/>
  <testcase classname="dsalgo_testrunner.TestRunner" name="runScenario" time="3.617">
    <failure message="expected [Creating Linked List] but found [Creating Linked LIst]" type="java.lang.AssertionError">
      <![CDATA[java.lang.AssertionError: expected [Creating Linked List] but found [Creating Linked LIst]
at org.testng.Assert.fail(Assert.java:111)
at org.testng.Assert.failNotEquals(Assert.java:1578)
at org.testng.Assert.assertEqualsImpl(Assert.java:150)
at org.testng.Assert.assertEquals(Assert.java:132)
at org.testng.Assert.assertEquals(Assert.java:656)
at org.testng.Assert.assertEquals(Assert.java:666)
at dsalgo_stepdefinitions.Linkedlist_sd.the_user_should_be_redirected_to_the_of_linked_list_page(Linkedlist_sd.java:61)
at ✽.The user should be redirected to the "Creating Linked List" of linked list Page(file:///C:/Users/araja/eclipse-workspace/Numpy_Dsalgo/src/test/resources/dsalgo_features/Linkedlist.feature:61)
]]>
    </failure>
  </testcase> <!-- runScenario -->
  <testcase classname="dsalgo_testrunner.TestRunner" name="runScenario" time="6.558"/>
  <testcase classname="dsalgo_testrunner.TestRunner" name="runScenario" time="6.450"/>
  <testcase classname="dsalgo_testrunner.TestRunner" name="runScenario" time="3.183"/>
  <testcase classname="dsalgo_testrunner.TestRunner" name="runScenario" time="4.345"/>
  <testcase classname="dsalgo_testrunner.TestRunner" name="runScenario" time="3.286"/>
  <testcase classname="dsalgo_testrunner.TestRunner" name="runScenario" time="4.564"/>
  <testcase classname="dsalgo_testrunner.TestRunner" name="runScenario" time="4.305"/>
  <testcase classname="dsalgo_testrunner.TestRunner" name="runScenario" time="6.558"/>
  <testcase classname="dsalgo_testrunner.TestRunner" name="runScenario" time="3.395"/>
  <testcase classname="dsalgo_testrunner.TestRunner" name="runScenario" time="6.925"/>
  <testcase classname="dsalgo_testrunner.TestRunner" name="runScenario" time="6.817"/>
</testsuite> <!-- dsalgo_testrunner.TestRunner -->
